{"/home/vili/Documents/Omat/Reaktor-Summerjob/WeatherBackend/index.js": {"path":"/home/vili/Documents/Omat/Reaktor-Summerjob/WeatherBackend/index.js","statementMap":{"0":{"start":{"line":1,"column":13},"end":{"line":1,"column":28}},"1":{"start":{"line":2,"column":16},"end":{"line":2,"column":34}},"2":{"start":{"line":3,"column":12},"end":{"line":3,"column":21}},"3":{"start":{"line":4,"column":19},"end":{"line":4,"column":41}},"4":{"start":{"line":5,"column":13},"end":{"line":5,"column":28}},"5":{"start":{"line":6,"column":17},"end":{"line":6,"column":36}},"6":{"start":{"line":7,"column":17},"end":{"line":7,"column":45}},"7":{"start":{"line":8,"column":20},"end":{"line":8,"column":51}},"8":{"start":{"line":9,"column":24},"end":{"line":9,"column":58}},"9":{"start":{"line":10,"column":27},"end":{"line":10,"column":64}},"10":{"start":{"line":11,"column":15},"end":{"line":11,"column":40}},"11":{"start":{"line":13,"column":0},"end":{"line":13,"column":15}},"12":{"start":{"line":14,"column":0},"end":{"line":14,"column":26}},"13":{"start":{"line":15,"column":0},"end":{"line":15,"column":32}},"14":{"start":{"line":17,"column":0},"end":{"line":17,"column":42}},"15":{"start":{"line":18,"column":0},"end":{"line":18,"column":48}},"16":{"start":{"line":20,"column":0},"end":{"line":20,"column":33}},"17":{"start":{"line":22,"column":15},"end":{"line":22,"column":37}},"18":{"start":{"line":24,"column":0},"end":{"line":26,"column":2}},"19":{"start":{"line":25,"column":2},"end":{"line":25,"column":54}},"20":{"start":{"line":28,"column":0},"end":{"line":30,"column":2}},"21":{"start":{"line":29,"column":2},"end":{"line":29,"column":29}},"22":{"start":{"line":32,"column":0},"end":{"line":34,"column":1}}},"fnMap":{"0":{"name":"(anonymous_0)","decl":{"start":{"line":24,"column":27},"end":{"line":24,"column":28}},"loc":{"start":{"line":24,"column":33},"end":{"line":26,"column":1}},"line":24},"1":{"name":"(anonymous_1)","decl":{"start":{"line":28,"column":19},"end":{"line":28,"column":20}},"loc":{"start":{"line":28,"column":25},"end":{"line":30,"column":1}},"line":28}},"branchMap":{},"s":{"0":2,"1":2,"2":2,"3":2,"4":2,"5":2,"6":2,"7":2,"8":2,"9":2,"10":2,"11":2,"12":2,"13":2,"14":2,"15":2,"16":2,"17":2,"18":2,"19":2,"20":2,"21":0,"22":2},"f":{"0":2,"1":0},"b":{},"_coverageSchema":"332fd63041d2c1bcb487cc26dd0d5f7d97098a6c","hash":"89cdf2d6a6a5365204bec054d180a50964350822"}
,"/home/vili/Documents/Omat/Reaktor-Summerjob/WeatherBackend/controllers/locations.js": {"path":"/home/vili/Documents/Omat/Reaktor-Summerjob/WeatherBackend/controllers/locations.js","statementMap":{"0":{"start":{"line":1,"column":24},"end":{"line":1,"column":51}},"1":{"start":{"line":2,"column":17},"end":{"line":2,"column":46}},"2":{"start":{"line":3,"column":20},"end":{"line":3,"column":52}},"3":{"start":{"line":6,"column":0},"end":{"line":18,"column":2}},"4":{"start":{"line":7,"column":2},"end":{"line":7,"column":30}},"5":{"start":{"line":8,"column":2},"end":{"line":17,"column":12}},"6":{"start":{"line":12,"column":12},"end":{"line":12,"column":34}},"7":{"start":{"line":13,"column":12},"end":{"line":13,"column":57}},"8":{"start":{"line":15,"column":12},"end":{"line":15,"column":30}},"9":{"start":{"line":16,"column":12},"end":{"line":16,"column":69}},"10":{"start":{"line":20,"column":0},"end":{"line":36,"column":2}},"11":{"start":{"line":21,"column":2},"end":{"line":34,"column":3}},"12":{"start":{"line":22,"column":4},"end":{"line":24,"column":5}},"13":{"start":{"line":23,"column":6},"end":{"line":23,"column":63}},"14":{"start":{"line":25,"column":21},"end":{"line":28,"column":6}},"15":{"start":{"line":29,"column":26},"end":{"line":29,"column":47}},"16":{"start":{"line":30,"column":4},"end":{"line":30,"column":61}},"17":{"start":{"line":32,"column":4},"end":{"line":32,"column":26}},"18":{"start":{"line":33,"column":4},"end":{"line":33,"column":63}},"19":{"start":{"line":38,"column":0},"end":{"line":38,"column":32}}},"fnMap":{"0":{"name":"(anonymous_0)","decl":{"start":{"line":6,"column":25},"end":{"line":6,"column":26}},"loc":{"start":{"line":6,"column":48},"end":{"line":18,"column":1}},"line":6},"1":{"name":"(anonymous_1)","decl":{"start":{"line":11,"column":16},"end":{"line":11,"column":17}},"loc":{"start":{"line":11,"column":29},"end":{"line":14,"column":11}},"line":11},"2":{"name":"(anonymous_2)","decl":{"start":{"line":14,"column":20},"end":{"line":14,"column":21}},"loc":{"start":{"line":14,"column":29},"end":{"line":17,"column":11}},"line":14},"3":{"name":"(anonymous_3)","decl":{"start":{"line":20,"column":26},"end":{"line":20,"column":27}},"loc":{"start":{"line":20,"column":54},"end":{"line":36,"column":1}},"line":20}},"branchMap":{"0":{"loc":{"start":{"line":22,"column":4},"end":{"line":24,"column":5}},"type":"if","locations":[{"start":{"line":22,"column":4},"end":{"line":24,"column":5}},{"start":{"line":22,"column":4},"end":{"line":24,"column":5}}],"line":22},"1":{"loc":{"start":{"line":22,"column":8},"end":{"line":22,"column":55}},"type":"binary-expr","locations":[{"start":{"line":22,"column":8},"end":{"line":22,"column":26}},{"start":{"line":22,"column":30},"end":{"line":22,"column":55}}],"line":22}},"s":{"0":2,"1":2,"2":2,"3":2,"4":1,"5":1,"6":1,"7":1,"8":0,"9":0,"10":2,"11":0,"12":0,"13":0,"14":0,"15":0,"16":0,"17":0,"18":0,"19":2},"f":{"0":1,"1":1,"2":0,"3":0},"b":{"0":[0,0],"1":[0,0]},"_coverageSchema":"332fd63041d2c1bcb487cc26dd0d5f7d97098a6c","hash":"e083d73a285c61ac6b93983c6fb77973f0369391"}
,"/home/vili/Documents/Omat/Reaktor-Summerjob/WeatherBackend/controllers/observations.js": {"path":"/home/vili/Documents/Omat/Reaktor-Summerjob/WeatherBackend/controllers/observations.js","statementMap":{"0":{"start":{"line":2,"column":27},"end":{"line":2,"column":54}},"1":{"start":{"line":3,"column":20},"end":{"line":3,"column":52}},"2":{"start":{"line":4,"column":17},"end":{"line":4,"column":46}},"3":{"start":{"line":8,"column":0},"end":{"line":17,"column":2}},"4":{"start":{"line":9,"column":2},"end":{"line":16,"column":14}},"5":{"start":{"line":13,"column":14},"end":{"line":13,"column":65}},"6":{"start":{"line":15,"column":14},"end":{"line":15,"column":74}},"7":{"start":{"line":19,"column":0},"end":{"line":29,"column":2}},"8":{"start":{"line":20,"column":2},"end":{"line":28,"column":14}},"9":{"start":{"line":24,"column":14},"end":{"line":24,"column":52}},"10":{"start":{"line":26,"column":14},"end":{"line":26,"column":32}},"11":{"start":{"line":27,"column":14},"end":{"line":27,"column":72}},"12":{"start":{"line":31,"column":0},"end":{"line":58,"column":2}},"13":{"start":{"line":32,"column":2},"end":{"line":57,"column":3}},"14":{"start":{"line":33,"column":4},"end":{"line":38,"column":5}},"15":{"start":{"line":35,"column":6},"end":{"line":35,"column":31}},"16":{"start":{"line":36,"column":6},"end":{"line":36,"column":54}},"17":{"start":{"line":37,"column":6},"end":{"line":37,"column":12}},"18":{"start":{"line":39,"column":17},"end":{"line":39,"column":29}},"19":{"start":{"line":41,"column":21},"end":{"line":41,"column":63}},"20":{"start":{"line":42,"column":16},"end":{"line":46,"column":6}},"21":{"start":{"line":47,"column":19},"end":{"line":47,"column":35}},"22":{"start":{"line":48,"column":17},"end":{"line":50,"column":70}},"23":{"start":{"line":51,"column":4},"end":{"line":51,"column":70}},"24":{"start":{"line":52,"column":4},"end":{"line":52,"column":25}},"25":{"start":{"line":53,"column":4},"end":{"line":53,"column":57}},"26":{"start":{"line":55,"column":4},"end":{"line":55,"column":26}},"27":{"start":{"line":56,"column":4},"end":{"line":56,"column":64}},"28":{"start":{"line":60,"column":0},"end":{"line":60,"column":35}}},"fnMap":{"0":{"name":"(anonymous_0)","decl":{"start":{"line":8,"column":28},"end":{"line":8,"column":29}},"loc":{"start":{"line":8,"column":51},"end":{"line":17,"column":1}},"line":8},"1":{"name":"(anonymous_1)","decl":{"start":{"line":12,"column":19},"end":{"line":12,"column":20}},"loc":{"start":{"line":12,"column":35},"end":{"line":14,"column":13}},"line":12},"2":{"name":"(anonymous_2)","decl":{"start":{"line":14,"column":21},"end":{"line":14,"column":22}},"loc":{"start":{"line":14,"column":30},"end":{"line":16,"column":13}},"line":14},"3":{"name":"(anonymous_3)","decl":{"start":{"line":19,"column":31},"end":{"line":19,"column":32}},"loc":{"start":{"line":19,"column":54},"end":{"line":29,"column":1}},"line":19},"4":{"name":"(anonymous_4)","decl":{"start":{"line":23,"column":18},"end":{"line":23,"column":19}},"loc":{"start":{"line":23,"column":25},"end":{"line":25,"column":13}},"line":23},"5":{"name":"(anonymous_5)","decl":{"start":{"line":25,"column":21},"end":{"line":25,"column":22}},"loc":{"start":{"line":25,"column":30},"end":{"line":28,"column":13}},"line":25},"6":{"name":"(anonymous_6)","decl":{"start":{"line":31,"column":29},"end":{"line":31,"column":30}},"loc":{"start":{"line":31,"column":58},"end":{"line":58,"column":1}},"line":31}},"branchMap":{"0":{"loc":{"start":{"line":33,"column":4},"end":{"line":38,"column":5}},"type":"if","locations":[{"start":{"line":33,"column":4},"end":{"line":38,"column":5}},{"start":{"line":33,"column":4},"end":{"line":38,"column":5}}],"line":33},"1":{"loc":{"start":{"line":33,"column":8},"end":{"line":34,"column":70}},"type":"binary-expr","locations":[{"start":{"line":33,"column":8},"end":{"line":33,"column":33}},{"start":{"line":33,"column":37},"end":{"line":33,"column":55}},{"start":{"line":33,"column":59},"end":{"line":33,"column":81}},{"start":{"line":34,"column":7},"end":{"line":34,"column":37}},{"start":{"line":34,"column":41},"end":{"line":34,"column":70}}],"line":33}},"s":{"0":2,"1":2,"2":2,"3":2,"4":1,"5":1,"6":0,"7":2,"8":0,"9":0,"10":0,"11":0,"12":2,"13":4,"14":4,"15":3,"16":3,"17":3,"18":1,"19":1,"20":1,"21":1,"22":1,"23":1,"24":1,"25":1,"26":0,"27":0,"28":2},"f":{"0":1,"1":1,"2":0,"3":0,"4":0,"5":0,"6":4},"b":{"0":[3,1],"1":[4,4,3,2,2]},"_coverageSchema":"332fd63041d2c1bcb487cc26dd0d5f7d97098a6c","hash":"ac57146e14a337acf8160e9d0a79737ffddd4e9c"}
,"/home/vili/Documents/Omat/Reaktor-Summerjob/WeatherBackend/models/location.js": {"path":"/home/vili/Documents/Omat/Reaktor-Summerjob/WeatherBackend/models/location.js","statementMap":{"0":{"start":{"line":1,"column":17},"end":{"line":1,"column":36}},"1":{"start":{"line":2,"column":15},"end":{"line":2,"column":30}},"2":{"start":{"line":4,"column":21},"end":{"line":8,"column":2}},"3":{"start":{"line":10,"column":0},"end":{"line":17,"column":1}},"4":{"start":{"line":11,"column":2},"end":{"line":16,"column":3}},"5":{"start":{"line":19,"column":17},"end":{"line":19,"column":59}},"6":{"start":{"line":21,"column":0},"end":{"line":21,"column":25}}},"fnMap":{"0":{"name":"(anonymous_0)","decl":{"start":{"line":10,"column":32},"end":{"line":10,"column":33}},"loc":{"start":{"line":10,"column":51},"end":{"line":17,"column":1}},"line":10}},"branchMap":{},"s":{"0":2,"1":2,"2":2,"3":2,"4":6,"5":2,"6":2},"f":{"0":6},"b":{},"_coverageSchema":"332fd63041d2c1bcb487cc26dd0d5f7d97098a6c","hash":"cf9383dd4b60308421dc9d82865e3ccdf9f4250a"}
,"/home/vili/Documents/Omat/Reaktor-Summerjob/WeatherBackend/models/observation.js": {"path":"/home/vili/Documents/Omat/Reaktor-Summerjob/WeatherBackend/models/observation.js","statementMap":{"0":{"start":{"line":1,"column":17},"end":{"line":1,"column":36}},"1":{"start":{"line":2,"column":15},"end":{"line":2,"column":30}},"2":{"start":{"line":4,"column":26},"end":{"line":8,"column":2}},"3":{"start":{"line":10,"column":0},"end":{"line":17,"column":1}},"4":{"start":{"line":11,"column":2},"end":{"line":16,"column":3}},"5":{"start":{"line":19,"column":20},"end":{"line":19,"column":68}},"6":{"start":{"line":21,"column":0},"end":{"line":21,"column":28}}},"fnMap":{"0":{"name":"(anonymous_0)","decl":{"start":{"line":10,"column":35},"end":{"line":10,"column":36}},"loc":{"start":{"line":10,"column":57},"end":{"line":17,"column":1}},"line":10}},"branchMap":{},"s":{"0":2,"1":2,"2":2,"3":2,"4":6,"5":2,"6":2},"f":{"0":6},"b":{},"_coverageSchema":"332fd63041d2c1bcb487cc26dd0d5f7d97098a6c","hash":"48857a5765785593a46b54f28cc182371144ceaa"}
,"/home/vili/Documents/Omat/Reaktor-Summerjob/WeatherBackend/tests/.test_helper.js": {"path":"/home/vili/Documents/Omat/Reaktor-Summerjob/WeatherBackend/tests/.test_helper.js","statementMap":{"0":{"start":{"line":2,"column":24},"end":{"line":5,"column":1}},"1":{"start":{"line":7,"column":28},"end":{"line":18,"column":1}},"2":{"start":{"line":21,"column":27},"end":{"line":25,"column":1}},"3":{"start":{"line":27,"column":30},"end":{"line":30,"column":1}},"4":{"start":{"line":32,"column":35},"end":{"line":36,"column":1}},"5":{"start":{"line":38,"column":0},"end":{"line":41,"column":1}}},"fnMap":{},"branchMap":{},"s":{"0":2,"1":2,"2":2,"3":2,"4":2,"5":2},"f":{},"b":{},"_coverageSchema":"332fd63041d2c1bcb487cc26dd0d5f7d97098a6c","hash":"2ba2e48b090b72b9ece6938024202b073ce5b86b"}
,"/home/vili/Documents/Omat/Reaktor-Summerjob/WeatherBackend/utils/config.js": {"path":"/home/vili/Documents/Omat/Reaktor-Summerjob/WeatherBackend/utils/config.js","statementMap":{"0":{"start":{"line":1,"column":0},"end":{"line":3,"column":1}},"1":{"start":{"line":2,"column":2},"end":{"line":2,"column":28}},"2":{"start":{"line":5,"column":11},"end":{"line":5,"column":27}},"3":{"start":{"line":6,"column":15},"end":{"line":6,"column":38}},"4":{"start":{"line":8,"column":0},"end":{"line":11,"column":1}},"5":{"start":{"line":9,"column":2},"end":{"line":9,"column":30}},"6":{"start":{"line":10,"column":2},"end":{"line":10,"column":41}},"7":{"start":{"line":13,"column":0},"end":{"line":16,"column":1}}},"fnMap":{},"branchMap":{"0":{"loc":{"start":{"line":1,"column":0},"end":{"line":3,"column":1}},"type":"if","locations":[{"start":{"line":1,"column":0},"end":{"line":3,"column":1}},{"start":{"line":1,"column":0},"end":{"line":3,"column":1}}],"line":1},"1":{"loc":{"start":{"line":8,"column":0},"end":{"line":11,"column":1}},"type":"if","locations":[{"start":{"line":8,"column":0},"end":{"line":11,"column":1}},{"start":{"line":8,"column":0},"end":{"line":11,"column":1}}],"line":8}},"s":{"0":2,"1":2,"2":2,"3":2,"4":2,"5":2,"6":2,"7":2},"f":{},"b":{"0":[2,0],"1":[2,0]},"_coverageSchema":"332fd63041d2c1bcb487cc26dd0d5f7d97098a6c","hash":"0bfc3a59dbd9c0e4a9fe8b8c16166e371b39ae10"}
}
