TN:
SF:/home/vili/Documents/Omat/Reaktor-Summerjob/WeatherBackend/index.js
FN:24,(anonymous_0)
FN:28,(anonymous_1)
FNF:2
FNH:1
FNDA:2,(anonymous_0)
FNDA:0,(anonymous_1)
DA:1,2
DA:2,2
DA:3,2
DA:4,2
DA:5,2
DA:6,2
DA:7,2
DA:8,2
DA:9,2
DA:10,2
DA:11,2
DA:13,2
DA:14,2
DA:15,2
DA:17,2
DA:18,2
DA:20,2
DA:22,2
DA:24,2
DA:25,2
DA:28,2
DA:29,0
DA:32,2
LF:23
LH:22
BRF:0
BRH:0
end_of_record
TN:
SF:/home/vili/Documents/Omat/Reaktor-Summerjob/WeatherBackend/controllers/locations.js
FN:6,(anonymous_0)
FN:11,(anonymous_1)
FN:14,(anonymous_2)
FN:20,(anonymous_3)
FNF:4
FNH:2
FNDA:1,(anonymous_0)
FNDA:1,(anonymous_1)
FNDA:0,(anonymous_2)
FNDA:0,(anonymous_3)
DA:1,2
DA:2,2
DA:3,2
DA:6,2
DA:7,1
DA:8,1
DA:12,1
DA:13,1
DA:15,0
DA:16,0
DA:20,2
DA:21,0
DA:22,0
DA:23,0
DA:25,0
DA:29,0
DA:30,0
DA:32,0
DA:33,0
DA:38,2
LF:20
LH:10
BRDA:22,0,0,0
BRDA:22,0,1,0
BRDA:22,1,0,0
BRDA:22,1,1,0
BRF:4
BRH:0
end_of_record
TN:
SF:/home/vili/Documents/Omat/Reaktor-Summerjob/WeatherBackend/controllers/observations.js
FN:8,(anonymous_0)
FN:12,(anonymous_1)
FN:14,(anonymous_2)
FN:19,(anonymous_3)
FN:23,(anonymous_4)
FN:25,(anonymous_5)
FN:31,(anonymous_6)
FNF:7
FNH:3
FNDA:1,(anonymous_0)
FNDA:1,(anonymous_1)
FNDA:0,(anonymous_2)
FNDA:0,(anonymous_3)
FNDA:0,(anonymous_4)
FNDA:0,(anonymous_5)
FNDA:4,(anonymous_6)
DA:2,2
DA:3,2
DA:4,2
DA:8,2
DA:9,1
DA:13,1
DA:15,0
DA:19,2
DA:20,0
DA:24,0
DA:26,0
DA:27,0
DA:31,2
DA:32,4
DA:33,4
DA:35,3
DA:36,3
DA:37,3
DA:39,1
DA:41,1
DA:42,1
DA:47,1
DA:48,1
DA:51,1
DA:52,1
DA:53,1
DA:55,0
DA:56,0
DA:60,2
LF:29
LH:22
BRDA:33,0,0,3
BRDA:33,0,1,1
BRDA:33,1,0,4
BRDA:33,1,1,4
BRDA:33,1,2,3
BRDA:33,1,3,2
BRDA:33,1,4,2
BRF:7
BRH:7
end_of_record
TN:
SF:/home/vili/Documents/Omat/Reaktor-Summerjob/WeatherBackend/models/location.js
FN:10,(anonymous_0)
FNF:1
FNH:1
FNDA:6,(anonymous_0)
DA:1,2
DA:2,2
DA:4,2
DA:10,2
DA:11,6
DA:19,2
DA:21,2
LF:7
LH:7
BRF:0
BRH:0
end_of_record
TN:
SF:/home/vili/Documents/Omat/Reaktor-Summerjob/WeatherBackend/models/observation.js
FN:10,(anonymous_0)
FNF:1
FNH:1
FNDA:6,(anonymous_0)
DA:1,2
DA:2,2
DA:4,2
DA:10,2
DA:11,6
DA:19,2
DA:21,2
LF:7
LH:7
BRF:0
BRH:0
end_of_record
TN:
SF:/home/vili/Documents/Omat/Reaktor-Summerjob/WeatherBackend/tests/.test_helper.js
FNF:0
FNH:0
DA:2,2
DA:7,2
DA:21,2
DA:27,2
DA:32,2
DA:38,2
LF:6
LH:6
BRF:0
BRH:0
end_of_record
TN:
SF:/home/vili/Documents/Omat/Reaktor-Summerjob/WeatherBackend/utils/config.js
FNF:0
FNH:0
DA:1,2
DA:2,2
DA:5,2
DA:6,2
DA:8,2
DA:9,2
DA:10,2
DA:13,2
LF:8
LH:8
BRDA:1,0,0,2
BRDA:1,0,1,0
BRDA:8,1,0,2
BRDA:8,1,1,0
BRF:4
BRH:2
end_of_record
